[debug] [2024-07-27T08:21:34.623Z] ----------------------------------------------------------------------
[debug] [2024-07-27T08:21:34.626Z] Command:       C:\Program Files\nodejs\node.exe C:\Users\admin\AppData\Roaming\npm\node_modules\firebase-tools\lib\bin\firebase.js init
[debug] [2024-07-27T08:21:34.626Z] CLI Version:   13.13.3
[debug] [2024-07-27T08:21:34.626Z] Platform:      win32
[debug] [2024-07-27T08:21:34.627Z] Node Version:  v22.4.1
[debug] [2024-07-27T08:21:34.627Z] Time:          Sat Jul 27 2024 14:06:34 GMT+0545 (Nepal Time)
[debug] [2024-07-27T08:21:34.627Z] ----------------------------------------------------------------------
[debug] 
[debug] [2024-07-27T08:21:34.630Z] >>> [apiv2][query] GET https://firebase-public.firebaseio.com/cli.json [none]
[debug] [2024-07-27T08:21:34.722Z] > command requires scopes: ["email","openid","https://www.googleapis.com/auth/cloudplatformprojects.readonly","https://www.googleapis.com/auth/firebase","https://www.googleapis.com/auth/cloud-platform"]
[debug] [2024-07-27T08:21:34.723Z] > authorizing via signed-in user (krantitherevolution99@gmail.com)
[info] 
     ######## #### ########  ######## ########     ###     ######  ########
     ##        ##  ##     ## ##       ##     ##  ##   ##  ##       ##
     ######    ##  ########  ######   ########  #########  ######  ######
     ##        ##  ##    ##  ##       ##     ## ##     ##       ## ##
     ##       #### ##     ## ######## ########  ##     ##  ######  ########

You're about to initialize a Firebase project in this directory:

  F:\CodeStore\NextJs\trueconfess

[debug] [2024-07-27T08:21:35.423Z] <<< [apiv2][status] GET https://firebase-public.firebaseio.com/cli.json 200
[debug] [2024-07-27T08:21:35.423Z] <<< [apiv2][body] GET https://firebase-public.firebaseio.com/cli.json {"cloudBuildErrorAfter":1594252800000,"cloudBuildWarnAfter":1590019200000,"defaultNode10After":1594252800000,"minVersion":"3.0.5","node8DeploysDisabledAfter":1613390400000,"node8RuntimeDisabledAfter":1615809600000,"node8WarnAfter":1600128000000}
